/*C27*/SET SCHEMA PUBLIC
DISCONNECT
/*C28*/SET SCHEMA PUBLIC
DISCONNECT
/*C29*/SET SCHEMA PUBLIC
DISCONNECT
/*C30*/SET SCHEMA PUBLIC
DISCONNECT
/*C31*/SET SCHEMA PUBLIC
DISCONNECT
/*C32*/SET SCHEMA PUBLIC
DISCONNECT
/*C33*/SET SCHEMA PUBLIC
DISCONNECT
/*C34*/SET SCHEMA PUBLIC
DISCONNECT
/*C35*/SET SCHEMA PUBLIC
DISCONNECT
/*C36*/SET SCHEMA PUBLIC
DELETE FROM USERS WHERE EMAIL='CYANNA' AND NOM='JHON' AND DATE_CREATION='2019-05-12' AND PASSWORD='123456' AND IS_ADMIN=FALSE
INSERT INTO USERS VALUES('CYANNA','JHON','2019-05-17','123456',FALSE)
COMMIT
DISCONNECT
/*C37*/SET SCHEMA PUBLIC
DELETE FROM USERS WHERE EMAIL='CYANNA' AND NOM='JHON' AND DATE_CREATION='2019-05-17' AND PASSWORD='123456' AND IS_ADMIN=FALSE
INSERT INTO USERS VALUES('CYANNA','JHON','2019-05-17','123456',FALSE)
COMMIT
DISCONNECT
/*C38*/SET SCHEMA PUBLIC
DISCONNECT
/*C39*/SET SCHEMA PUBLIC
DELETE FROM USERS WHERE EMAIL='CYANNA' AND NOM='JHON' AND DATE_CREATION='2019-05-17' AND PASSWORD='123456' AND IS_ADMIN=FALSE
INSERT INTO USERS VALUES('CYANNA','','2019-05-17','',FALSE)
COMMIT
DISCONNECT
/*C40*/SET SCHEMA PUBLIC
DELETE FROM USERS WHERE EMAIL='CYANNA' AND NOM='' AND DATE_CREATION='2019-05-17' AND PASSWORD='' AND IS_ADMIN=FALSE
INSERT INTO USERS VALUES('CYANNA','JOHN','2019-05-17','',FALSE)
COMMIT
DISCONNECT
/*C41*/SET SCHEMA PUBLIC
DELETE FROM USERS WHERE EMAIL='CYANNA' AND NOM='JOHN' AND DATE_CREATION='2019-05-17' AND PASSWORD='' AND IS_ADMIN=FALSE
INSERT INTO USERS VALUES('CYANNA','JOHN','2019-05-17','12345',FALSE)
COMMIT
DISCONNECT
/*C42*/SET SCHEMA PUBLIC
DISCONNECT
/*C43*/SET SCHEMA PUBLIC
DISCONNECT
/*C44*/SET SCHEMA PUBLIC
DISCONNECT
/*C45*/SET SCHEMA PUBLIC
DELETE FROM USERS WHERE EMAIL='CYANNA' AND NOM='JOHN' AND DATE_CREATION='2019-05-17' AND PASSWORD='12345' AND IS_ADMIN=FALSE
INSERT INTO USERS VALUES('CYANNA','john','2019-05-17','12345',FALSE)
COMMIT
DELETE FROM USERS WHERE EMAIL='CYANNA' AND NOM='john' AND DATE_CREATION='2019-05-17' AND PASSWORD='12345' AND IS_ADMIN=FALSE
INSERT INTO USERS VALUES('CYANNA','johns','2019-05-17','1235',FALSE)
COMMIT
DISCONNECT
/*C46*/SET SCHEMA PUBLIC
DELETE FROM USERS WHERE EMAIL='CYANNA' AND NOM='johns' AND DATE_CREATION='2019-05-17' AND PASSWORD='1235' AND IS_ADMIN=FALSE
INSERT INTO USERS VALUES('CYANNA','JOHN','2019-05-17','12345',FALSE)
COMMIT
DISCONNECT
/*C47*/SET SCHEMA PUBLIC
DISCONNECT
/*C48*/SET SCHEMA PUBLIC
DISCONNECT
/*C49*/SET SCHEMA PUBLIC
DISCONNECT
/*C50*/SET SCHEMA PUBLIC
DISCONNECT
/*C51*/SET SCHEMA PUBLIC
DISCONNECT
/*C52*/SET SCHEMA PUBLIC
DISCONNECT
/*C53*/SET SCHEMA PUBLIC
DELETE FROM USERS WHERE EMAIL='CYANNA' AND NOM='JOHN' AND DATE_CREATION='2019-05-17' AND PASSWORD='12345' AND IS_ADMIN=FALSE
INSERT INTO USERS VALUES('cena@ahahha.fr','John','2019-05-17','12345',FALSE)
COMMIT
DELETE FROM USERS WHERE EMAIL='cena@ahahha.fr' AND NOM='John' AND DATE_CREATION='2019-05-17' AND PASSWORD='12345' AND IS_ADMIN=FALSE
COMMIT
DISCONNECT
/*C54*/SET SCHEMA PUBLIC
DISCONNECT
/*C55*/SET SCHEMA PUBLIC
DISCONNECT
/*C56*/SET SCHEMA PUBLIC
DELETE FROM BLOG WHERE ID=27
COMMIT
DISCONNECT
/*C57*/SET SCHEMA PUBLIC
DISCONNECT
/*C58*/SET SCHEMA PUBLIC
DISCONNECT
/*C59*/SET SCHEMA PUBLIC
DISCONNECT
/*C60*/SET SCHEMA PUBLIC
DISCONNECT
/*C61*/SET SCHEMA PUBLIC
DISCONNECT
/*C62*/SET SCHEMA PUBLIC
DISCONNECT
/*C63*/SET SCHEMA PUBLIC
DISCONNECT
/*C64*/SET SCHEMA PUBLIC
DISCONNECT
/*C65*/SET SCHEMA PUBLIC
DISCONNECT
/*C66*/SET SCHEMA PUBLIC
DISCONNECT
/*C67*/SET SCHEMA PUBLIC
DISCONNECT
/*C68*/SET SCHEMA PUBLIC
DISCONNECT
/*C69*/SET SCHEMA PUBLIC
DISCONNECT
/*C70*/SET SCHEMA PUBLIC
DISCONNECT
/*C71*/SET SCHEMA PUBLIC
INSERT INTO USERS VALUES('','','2019-05-17','',FALSE)
COMMIT
DISCONNECT
/*C72*/SET SCHEMA PUBLIC
DISCONNECT
/*C73*/SET SCHEMA PUBLIC
DISCONNECT
/*C74*/SET SCHEMA PUBLIC
DELETE FROM BLOG WHERE ID=1
COMMIT
INSERT INTO USERS VALUES('michel@slsl','jean','2019-05-17','12345',FALSE)
COMMIT
DELETE FROM USERS WHERE EMAIL='michel@slsl' AND NOM='jean' AND DATE_CREATION='2019-05-17' AND PASSWORD='12345' AND IS_ADMIN=FALSE
INSERT INTO USERS VALUES('abcd','jean','2019-05-17','12345',FALSE)
COMMIT
DELETE FROM USERS WHERE EMAIL='abcd' AND NOM='jean' AND DATE_CREATION='2019-05-17' AND PASSWORD='12345' AND IS_ADMIN=FALSE
COMMIT
DISCONNECT
/*C75*/SET SCHEMA PUBLIC
INSERT INTO BLOG_COMMENTAIRES VALUES(28,'Commentaire','contact@aquasys.fr','2019-05-17')
COMMIT
DELETE FROM BLOG WHERE ID=28
INSERT INTO BLOG VALUES(28,NULL,NULL,'contact@aquasys.fr','2019-05-15',NULL,2)
COMMIT
DELETE FROM BLOG WHERE ID=22
INSERT INTO BLOG VALUES(22,'Blog sur jsp',' Vive java','contact@aquasys.fr','2019-04-17','2019-05-17',1)
COMMIT
DELETE FROM BLOG WHERE ID=25
COMMIT
DELETE FROM BLOG WHERE ID=29
COMMIT
INSERT INTO BLOG VALUES(29,NULL,' hahaha','blyat@gmail.com','2019-05-17',NULL,1)
COMMIT
INSERT INTO BLOG_COMMENTAIRES VALUES(29,NULL,'contact@aquasys.fr','2019-05-17')
COMMIT
INSERT INTO BLOG VALUES(30,NULL,NULL,'blyat@gmail.com','2019-05-17',NULL,1)
COMMIT
DISCONNECT
/*C76*/SET SCHEMA PUBLIC
INSERT INTO BLOG VALUES(31,NULL,' C''est fou','contact@aquasys.fr','2019-05-17',NULL,1)
COMMIT
INSERT INTO BLOG VALUES(32,NULL,NULL,'contact@aquasys.fr','2019-05-17',NULL,1)
COMMIT
DISCONNECT
/*C77*/SET SCHEMA PUBLIC
DISCONNECT
/*C78*/SET SCHEMA PUBLIC
INSERT INTO USERS VALUES('mail@test.fr','michel','2019-05-17','12345',FALSE)
COMMIT
INSERT INTO BLOG VALUES(33,'Blog hhh',' Entrez le corps du post ! ','mail@test.fr','2019-05-17',NULL,1)
COMMIT
DISCONNECT
/*C80*/SET SCHEMA PUBLIC
DELETE FROM BLOG WHERE ID=4
DELETE FROM BLOG WHERE ID=5
DELETE FROM BLOG WHERE ID=7
DELETE FROM BLOG WHERE ID=8
DELETE FROM BLOG WHERE ID=9
DELETE FROM BLOG WHERE ID=10
DELETE FROM BLOG WHERE ID=11
DELETE FROM BLOG WHERE ID=12
DELETE FROM BLOG WHERE ID=13
DELETE FROM BLOG WHERE ID=14
DELETE FROM BLOG WHERE ID=15
DELETE FROM BLOG WHERE ID=16
DELETE FROM BLOG WHERE ID=17
DELETE FROM BLOG WHERE ID=18
DELETE FROM BLOG WHERE ID=19
DELETE FROM BLOG WHERE ID=20
DELETE FROM BLOG WHERE ID=21
DELETE FROM BLOG WHERE ID=22
DELETE FROM BLOG WHERE ID=23
DELETE FROM BLOG WHERE ID=24
DELETE FROM BLOG WHERE ID=28
DELETE FROM BLOG WHERE ID=29
DELETE FROM BLOG WHERE ID=30
DELETE FROM BLOG WHERE ID=31
DELETE FROM BLOG WHERE ID=32
DELETE FROM BLOG WHERE ID=33
COMMIT
DELETE FROM BLOG_COMMENTAIRES WHERE ID=1 AND COMMENTAIRE='Commentaire' AND EMAIL='contact@aquasys.fr' AND DATE_CREATION='2019-05-12'
DELETE FROM BLOG_COMMENTAIRES WHERE ID=14 AND COMMENTAIRE='Commentaire' AND EMAIL='blyat@gmail.com' AND DATE_CREATION='2019-05-12'
DELETE FROM BLOG_COMMENTAIRES WHERE ID=15 AND COMMENTAIRE='Commentaire' AND EMAIL='blyat@gmail.com' AND DATE_CREATION='2019-05-12'
DELETE FROM BLOG_COMMENTAIRES WHERE ID=17 AND COMMENTAIRE='Commentaire' AND EMAIL='blyat@gmail.com' AND DATE_CREATION='2019-05-12'
DELETE FROM BLOG_COMMENTAIRES WHERE ID=18 AND COMMENTAIRE='Commentaire' AND EMAIL='blyat@gmail.com' AND DATE_CREATION='2019-05-12'
DELETE FROM BLOG_COMMENTAIRES WHERE ID=19 AND COMMENTAIRE='Commentaire' AND EMAIL='blyat@gmail.com' AND DATE_CREATION='2019-05-12'
DELETE FROM BLOG_COMMENTAIRES WHERE ID=20 AND COMMENTAIRE='Commentaire' AND EMAIL='blyat@gmail.com' AND DATE_CREATION='2019-05-12'
DELETE FROM BLOG_COMMENTAIRES WHERE ID=21 AND COMMENTAIRE='Commentaire' AND EMAIL='blyat@gmail.com' AND DATE_CREATION='2019-05-12'
DELETE FROM BLOG_COMMENTAIRES WHERE ID=22 AND COMMENTAIRE='Commentaire' AND EMAIL='blyat@gmail.com' AND DATE_CREATION='2019-05-12'
DELETE FROM BLOG_COMMENTAIRES WHERE ID=1 AND COMMENTAIRE='Commentaire' AND EMAIL='contact@aquasys.fr' AND DATE_CREATION='2019-05-13'
DELETE FROM BLOG_COMMENTAIRES WHERE ID=1 AND COMMENTAIRE='ANHHHHHH' AND EMAIL='contact@aquasys.fr' AND DATE_CREATION='2019-05-13'
DELETE FROM BLOG_COMMENTAIRES WHERE ID=1 AND COMMENTAIRE='Commentaire' AND EMAIL='contact@aquasys.fr' AND DATE_CREATION='2019-05-15'
DELETE FROM BLOG_COMMENTAIRES WHERE ID=1 AND COMMENTAIRE IS NULL AND EMAIL='contact@aquasys.fr' AND DATE_CREATION='2019-05-15'
DELETE FROM BLOG_COMMENTAIRES WHERE ID=28 AND COMMENTAIRE='Commentaire' AND EMAIL='blyat@gmail.com' AND DATE_CREATION='2019-05-15'
DELETE FROM BLOG_COMMENTAIRES WHERE ID=1 AND COMMENTAIRE='MOi aussi j''aime le poulet' AND EMAIL='contact@aquasys.fr' AND DATE_CREATION='2019-05-16'
DELETE FROM BLOG_COMMENTAIRES WHERE ID=1 AND COMMENTAIRE='MOi aussi j''aime le poulet' AND EMAIL='contact@aquasys.fr' AND DATE_CREATION='2019-05-16'
DELETE FROM BLOG_COMMENTAIRES WHERE ID=6 AND COMMENTAIRE IS NULL AND EMAIL='contact@aquasys.fr' AND DATE_CREATION='2019-05-16'
DELETE FROM BLOG_COMMENTAIRES WHERE ID=6 AND COMMENTAIRE IS NULL AND EMAIL='contact@aquasys.fr' AND DATE_CREATION='2019-05-16'
DELETE FROM BLOG_COMMENTAIRES WHERE ID=6 AND COMMENTAIRE IS NULL AND EMAIL='contact@aquasys.fr' AND DATE_CREATION='2019-05-16'
DELETE FROM BLOG_COMMENTAIRES WHERE ID=6 AND COMMENTAIRE IS NULL AND EMAIL='contact@aquasys.fr' AND DATE_CREATION='2019-05-16'
DELETE FROM BLOG_COMMENTAIRES WHERE ID=6 AND COMMENTAIRE IS NULL AND EMAIL='contact@aquasys.fr' AND DATE_CREATION='2019-05-16'
DELETE FROM BLOG_COMMENTAIRES WHERE ID=6 AND COMMENTAIRE IS NULL AND EMAIL='contact@aquasys.fr' AND DATE_CREATION='2019-05-16'
DELETE FROM BLOG_COMMENTAIRES WHERE ID=28 AND COMMENTAIRE='Commentaire' AND EMAIL='contact@aquasys.fr' AND DATE_CREATION='2019-05-17'
DELETE FROM BLOG_COMMENTAIRES WHERE ID=29 AND COMMENTAIRE IS NULL AND EMAIL='contact@aquasys.fr' AND DATE_CREATION='2019-05-17'
COMMIT
DELETE FROM STATUT WHERE ID=1
INSERT INTO STATUT VALUES(1,'Publi\u00e9')
COMMIT
DELETE FROM USERS WHERE EMAIL='2' AND NOM='Publi\u00c3\u00a9' AND DATE_CREATION IS NULL AND PASSWORD IS NULL AND IS_ADMIN IS NULL
DELETE FROM USERS WHERE EMAIL='3' AND NOM='Archiv\u00c3\u00a9' AND DATE_CREATION IS NULL AND PASSWORD IS NULL AND IS_ADMIN IS NULL
DELETE FROM USERS WHERE EMAIL='4' AND NOM='Annul\u00c3\u00a9' AND DATE_CREATION IS NULL AND PASSWORD IS NULL AND IS_ADMIN IS NULL
DELETE FROM USERS WHERE EMAIL='contact@mail.random' AND NOM='Temporaire' AND DATE_CREATION IS NULL AND PASSWORD IS NULL AND IS_ADMIN IS NULL
DELETE FROM USERS WHERE EMAIL='' AND NOM='' AND DATE_CREATION='2019-05-17' AND PASSWORD='' AND IS_ADMIN=FALSE
COMMIT
DISCONNECT
